app/api/validation/submit/route.ts(13,17): error TS2554: Expected 2-3 arguments, but got 1.
components/manifest/ManifestItemDialog.tsx(83,9): error TS2322: Type 'ManifestItem | { numbering: string; document_code: string; revision: string; title: string; document_type: string; category: string; expected_delivery_date: string; responsible_email: string; }' is not assignable to type 'AsyncDefaultValues<{ numbering: string; document_code: string; revision?: string | undefined; title?: string | undefined; document_type?: string | undefined; category?: string | undefined; expected_delivery_date?: string | undefined; responsible_email?: string | undefined; }> | { ...; } | undefined'.
  Type 'ManifestItem' is not assignable to type 'AsyncDefaultValues<{ numbering: string; document_code: string; revision?: string | undefined; title?: string | undefined; document_type?: string | undefined; category?: string | undefined; expected_delivery_date?: string | undefined; responsible_email?: string | undefined; }> | { ...; } | undefined'.
    Type 'ManifestItem' is not assignable to type '{ numbering?: string | undefined; document_code?: string | undefined; revision?: string | undefined; title?: string | undefined; document_type?: string | undefined; category?: string | undefined; expected_delivery_date?: string | undefined; responsible_email?: string | undefined; }'.
      Types of property 'revision' are incompatible.
        Type 'string | null' is not assignable to type 'string | undefined'.
          Type 'null' is not assignable to type 'string | undefined'.
components/manifest/ManifestItemDialog.tsx(124,46): error TS2345: Argument of type '(data: ManifestItemInput) => void' is not assignable to parameter of type 'SubmitHandler<TFieldValues>'.
  Types of parameters 'data' and 'data' are incompatible.
    Type 'TFieldValues' is not assignable to type '{ numbering: string; document_code: string; revision?: string | undefined; title?: string | undefined; document_type?: string | undefined; category?: string | undefined; expected_delivery_date?: string | undefined; responsible_email?: string | undefined; }'.
      Type 'FieldValues' is missing the following properties from type '{ numbering: string; document_code: string; revision?: string | undefined; title?: string | undefined; document_type?: string | undefined; category?: string | undefined; expected_delivery_date?: string | undefined; responsible_email?: string | undefined; }': numbering, document_code
tailwind.config.ts(4,5): error TS2322: Type '["class"]' is not assignable to type 'DarkModeStrategy | undefined'.
  Type '["class"]' is not assignable to type '["class", string]'.
    Source has 1 element(s) but target requires 2.
